

============================ ROCm System Management Interface ============================
============================== Version of System Component ===============================
Driver version: 6.10.5
==========================================================================================
================================== Memory Usage (Bytes) ==================================
GPU[0]		: VRAM Total Memory (B): 68702699520
GPU[0]		: VRAM Total Used Memory (B): 10997760
GPU[1]		: VRAM Total Memory (B): 68702699520
GPU[1]		: VRAM Total Used Memory (B): 10997760
GPU[2]		: VRAM Total Memory (B): 68702699520
GPU[2]		: VRAM Total Used Memory (B): 10997760
GPU[3]		: VRAM Total Memory (B): 68702699520
GPU[3]		: VRAM Total Used Memory (B): 10997760
GPU[4]		: VRAM Total Memory (B): 68702699520
GPU[4]		: VRAM Total Used Memory (B): 10997760
GPU[5]		: VRAM Total Memory (B): 68702699520
GPU[5]		: VRAM Total Used Memory (B): 10997760
GPU[6]		: VRAM Total Memory (B): 68702699520
GPU[6]		: VRAM Total Used Memory (B): 10997760
GPU[7]		: VRAM Total Memory (B): 68702699520
GPU[7]		: VRAM Total Used Memory (B): 10997760
==========================================================================================
====================================== Product Info ======================================
GPU[0]		: Card Series: 		AMD INSTINCT MI200 (MCM) OAM LC MBA HPE C2
GPU[0]		: Card Model: 		0x7408
GPU[0]		: Card Vendor: 		Advanced Micro Devices, Inc. [AMD/ATI]
GPU[0]		: Card SKU: 		D65201
GPU[0]		: Subsystem ID: 	0x0b0c
GPU[0]		: Device Rev: 		0x00
GPU[0]		: Node ID: 		4
GPU[0]		: GUID: 		63582
GPU[0]		: GFX Version: 		gfx9010
GPU[1]		: Card Series: 		AMD INSTINCT MI200 (MCM) OAM LC MBA HPE C2
GPU[1]		: Card Model: 		0x7408
GPU[1]		: Card Vendor: 		Advanced Micro Devices, Inc. [AMD/ATI]
GPU[1]		: Card SKU: 		D65201
GPU[1]		: Subsystem ID: 	0x0b0c
GPU[1]		: Device Rev: 		0x00
GPU[1]		: Node ID: 		5
GPU[1]		: GUID: 		51740
GPU[1]		: GFX Version: 		gfx9010
GPU[2]		: Card Series: 		AMD INSTINCT MI200 (MCM) OAM LC MBA HPE C2
GPU[2]		: Card Model: 		0x7408
GPU[2]		: Card Vendor: 		Advanced Micro Devices, Inc. [AMD/ATI]
GPU[2]		: Card SKU: 		D65201
GPU[2]		: Subsystem ID: 	0x0b0c
GPU[2]		: Device Rev: 		0x00
GPU[2]		: Node ID: 		6
GPU[2]		: GUID: 		15961
GPU[2]		: GFX Version: 		gfx9010
GPU[3]		: Card Series: 		AMD INSTINCT MI200 (MCM) OAM LC MBA HPE C2
GPU[3]		: Card Model: 		0x7408
GPU[3]		: Card Vendor: 		Advanced Micro Devices, Inc. [AMD/ATI]
GPU[3]		: Card SKU: 		D65201
GPU[3]		: Subsystem ID: 	0x0b0c
GPU[3]		: Device Rev: 		0x00
GPU[3]		: Node ID: 		7
GPU[3]		: GUID: 		3099
GPU[3]		: GFX Version: 		gfx9010
GPU[4]		: Card Series: 		AMD INSTINCT MI200 (MCM) OAM LC MBA HPE C2
GPU[4]		: Card Model: 		0x7408
GPU[4]		: Card Vendor: 		Advanced Micro Devices, Inc. [AMD/ATI]
GPU[4]		: Card SKU: 		D65201
GPU[4]		: Subsystem ID: 	0x0b0c
GPU[4]		: Device Rev: 		0x00
GPU[4]		: Node ID: 		8
GPU[4]		: GUID: 		13395
GPU[4]		: GFX Version: 		gfx9010
GPU[5]		: Card Series: 		AMD INSTINCT MI200 (MCM) OAM LC MBA HPE C2
GPU[5]		: Card Model: 		0x7408
GPU[5]		: Card Vendor: 		Advanced Micro Devices, Inc. [AMD/ATI]
GPU[5]		: Card SKU: 		D65201
GPU[5]		: Subsystem ID: 	0x0b0c
GPU[5]		: Device Rev: 		0x00
GPU[5]		: Node ID: 		9
GPU[5]		: GUID: 		1553
GPU[5]		: GFX Version: 		gfx9010
GPU[6]		: Card Series: 		AMD INSTINCT MI200 (MCM) OAM LC MBA HPE C2
GPU[6]		: Card Model: 		0x7408
GPU[6]		: Card Vendor: 		Advanced Micro Devices, Inc. [AMD/ATI]
GPU[6]		: Card SKU: 		D65201
GPU[6]		: Subsystem ID: 	0x0b0c
GPU[6]		: Device Rev: 		0x00
GPU[6]		: Node ID: 		10
GPU[6]		: GUID: 		62036
GPU[6]		: GFX Version: 		gfx9010
GPU[7]		: Card Series: 		AMD INSTINCT MI200 (MCM) OAM LC MBA HPE C2
GPU[7]		: Card Model: 		0x7408
GPU[7]		: Card Vendor: 		Advanced Micro Devices, Inc. [AMD/ATI]
GPU[7]		: Card SKU: 		D65201
GPU[7]		: Subsystem ID: 	0x0b0c
GPU[7]		: Device Rev: 		0x00
GPU[7]		: Node ID: 		11
GPU[7]		: GUID: 		49174
GPU[7]		: GFX Version: 		gfx9010
==========================================================================================
================================== End of ROCm SMI Log ===================================

────────────────────────────────────────────────────
  DATA SUMMARY
────────────────────────────────────────────────────
  data path  /pfs/lustrep3/users/desensid/tensor-viterbi/data/25states_10000steps_100dur.json
  states (N)  25  ['s0', 's1', 's2', 's3', 's4', 's5', 's6', 's7', 's8', 's9', 's10', 's11', 's12', 's13', 's14', 's15', 's16', 's17', 's18', 's19', 's20', 's21', 's22', 's23', 's24']
  steps  (T)  10000
  max dur(D)  100
────────────────────────────────────────────────────

▶ Tensor Viterbi CUDA
  decode_tensor_viterbi_cuda
  avg 0.1588 s   min 0.0834 s   max 0.8367 s

