ERROR - [/home/lor3ny/dev/likwid-5.5.1/src/perfmon.c:perfmon_init_maps:1428] No such file or directory.
Unsupported AMD Zen Processor
ERROR - [/home/lor3ny/dev/likwid-5.5.1/src/perfmon.c:perfmon_init_funcs:2183] No such file or directory.
Unsupported AMD K1A Processor
ERROR - [/home/lor3ny/dev/likwid-5.5.1/src/perfmon.c:perfmon_init:2357] Invalid argument.
Failed to initialize event and counter lists for (null)
ERROR - [/home/lor3ny/dev/likwid-5.5.1/src/perfmon.c:perfmon_init_maps:1428] No such file or directory.
Unsupported AMD Zen Processor
ERROR - [/home/lor3ny/dev/likwid-5.5.1/src/perfmon.c:perfmon_init_funcs:2183] No such file or directory.
Unsupported AMD K1A Processor
ERROR - [/home/lor3ny/dev/likwid-5.5.1/src/perfmon.c:perfmon_init:2357] Invalid argument.
Failed to initialize event and counter lists for (null)
ERROR - [/home/lor3ny/dev/likwid-5.5.1/src/perfmon.c:perfmon_init_maps:1428] No such file or directory.
Unsupported AMD Zen Processor
ERROR - [/home/lor3ny/dev/likwid-5.5.1/src/perfmon.c:perfmon_init_funcs:2183] No such file or directory.
Unsupported AMD K1A Processor
ERROR - [/home/lor3ny/dev/likwid-5.5.1/src/perfmon.c:perfmon_init:2357] Invalid argument.
Failed to initialize event and counter lists for (null)
ERROR - [/home/lor3ny/dev/likwid-5.5.1/src/perfmon.c:perfmon_init_maps:1428] No such file or directory.
Unsupported AMD Zen Processor
ERROR - [/home/lor3ny/dev/likwid-5.5.1/src/perfmon.c:perfmon_init_funcs:2183] No such file or directory.
Unsupported AMD K1A Processor
ERROR - [/home/lor3ny/dev/likwid-5.5.1/src/perfmon.c:perfmon_init:2357] Invalid argument.
Failed to initialize event and counter lists for (null)
ERROR - [/home/lor3ny/dev/likwid-5.5.1/src/perfmon.c:perfmon_init_maps:1428] No such file or directory.
Unsupported AMD Zen Processor
ERROR - [/home/lor3ny/dev/likwid-5.5.1/src/perfmon.c:perfmon_init_funcs:2183] No such file or directory.
Unsupported AMD K1A Processor
ERROR - [/home/lor3ny/dev/likwid-5.5.1/src/perfmon.c:perfmon_init:2357] Invalid argument.
Failed to initialize event and counter lists for (null)
ERROR - [/home/lor3ny/dev/likwid-5.5.1/src/perfmon.c:perfmon_init_maps:1428] No such file or directory.
Unsupported AMD Zen Processor
ERROR - [/home/lor3ny/dev/likwid-5.5.1/src/perfmon.c:perfmon_init_funcs:2183] No such file or directory.
Unsupported AMD K1A Processor
ERROR - [/home/lor3ny/dev/likwid-5.5.1/src/perfmon.c:perfmon_init:2357] Invalid argument.
Failed to initialize event and counter lists for (null)
ERROR - [/home/lor3ny/dev/likwid-5.5.1/src/perfmon.c:perfmon_init_maps:1428] No such file or directory.
Unsupported AMD Zen Processor
ERROR - [/home/lor3ny/dev/likwid-5.5.1/src/perfmon.c:perfmon_init_funcs:2183] No such file or directory.
Unsupported AMD K1A Processor
ERROR - [/home/lor3ny/dev/likwid-5.5.1/src/perfmon.c:perfmon_init:2357] Invalid argument.
Failed to initialize event and counter lists for (null)
ERROR - [/home/lor3ny/dev/likwid-5.5.1/src/perfmon.c:perfmon_init_maps:1428] No such file or directory.
Unsupported AMD Zen Processor
ERROR - [/home/lor3ny/dev/likwid-5.5.1/src/perfmon.c:perfmon_init_funcs:2183] No such file or directory.
Unsupported AMD K1A Processor
ERROR - [/home/lor3ny/dev/likwid-5.5.1/src/perfmon.c:perfmon_init:2357] Invalid argument.
Failed to initialize event and counter lists for (null)
ERROR - [/home/lor3ny/dev/likwid-5.5.1/src/perfmon.c:perfmon_init_maps:1428] No such file or directory.
Unsupported AMD Zen Processor
ERROR - [/home/lor3ny/dev/likwid-5.5.1/src/perfmon.c:perfmon_init_funcs:2183] No such file or directory.
Unsupported AMD K1A Processor
ERROR - [/home/lor3ny/dev/likwid-5.5.1/src/perfmon.c:perfmon_init:2357] Invalid argument.
Failed to initialize event and counter lists for (null)
ERROR - [/home/lor3ny/dev/likwid-5.5.1/src/perfmon.c:perfmon_init_maps:1428] No such file or directory.
Unsupported AMD Zen Processor
ERROR - [/home/lor3ny/dev/likwid-5.5.1/src/perfmon.c:perfmon_init_funcs:2183] No such file or directory.
Unsupported AMD K1A Processor
ERROR - [/home/lor3ny/dev/likwid-5.5.1/src/perfmon.c:perfmon_init:2357] Invalid argument.
Failed to initialize event and counter lists for (null)
ERROR - [/home/lor3ny/dev/likwid-5.5.1/src/perfmon.c:perfmon_init_maps:1428] No such file or directory.
Unsupported AMD Zen Processor
ERROR - [/home/lor3ny/dev/likwid-5.5.1/src/perfmon.c:perfmon_init_funcs:2183] No such file or directory.
Unsupported AMD K1A Processor
ERROR - [/home/lor3ny/dev/likwid-5.5.1/src/perfmon.c:perfmon_init:2357] Invalid argument.
Failed to initialize event and counter lists for (null)
ERROR - [/home/lor3ny/dev/likwid-5.5.1/src/perfmon.c:perfmon_init_maps:1428] No such file or directory.
Unsupported AMD Zen Processor
ERROR - [/home/lor3ny/dev/likwid-5.5.1/src/perfmon.c:perfmon_init_funcs:2183] No such file or directory.
Unsupported AMD K1A Processor
ERROR - [/home/lor3ny/dev/likwid-5.5.1/src/perfmon.c:perfmon_init:2357] Invalid argument.
Failed to initialize event and counter lists for (null)
ERROR - [/home/lor3ny/dev/likwid-5.5.1/src/perfmon.c:perfmon_init_maps:1428] No such file or directory.
Unsupported AMD Zen Processor
ERROR - [/home/lor3ny/dev/likwid-5.5.1/src/perfmon.c:perfmon_init_funcs:2183] No such file or directory.
Unsupported AMD K1A Processor
ERROR - [/home/lor3ny/dev/likwid-5.5.1/src/perfmon.c:perfmon_init:2357] Invalid argument.
Failed to initialize event and counter lists for (null)
ERROR - [/home/lor3ny/dev/likwid-5.5.1/src/perfmon.c:perfmon_init_maps:1428] No such file or directory.
Unsupported AMD Zen Processor
ERROR - [/home/lor3ny/dev/likwid-5.5.1/src/perfmon.c:perfmon_init_funcs:2183] No such file or directory.
Unsupported AMD K1A Processor
ERROR - [/home/lor3ny/dev/likwid-5.5.1/src/perfmon.c:perfmon_init:2357] Invalid argument.
Failed to initialize event and counter lists for (null)
ERROR - [/home/lor3ny/dev/likwid-5.5.1/src/perfmon.c:perfmon_init_maps:1428] No such file or directory.
Unsupported AMD Zen Processor
ERROR - [/home/lor3ny/dev/likwid-5.5.1/src/perfmon.c:perfmon_init_funcs:2183] No such file or directory.
Unsupported AMD K1A Processor
ERROR - [/home/lor3ny/dev/likwid-5.5.1/src/perfmon.c:perfmon_init:2357] Invalid argument.
Failed to initialize event and counter lists for (null)
ERROR - [/home/lor3ny/dev/likwid-5.5.1/src/perfmon.c:perfmon_init_maps:1428] No such file or directory.
Unsupported AMD Zen Processor
ERROR - [/home/lor3ny/dev/likwid-5.5.1/src/perfmon.c:perfmon_init_funcs:2183] No such file or directory.
Unsupported AMD K1A Processor
ERROR - [/home/lor3ny/dev/likwid-5.5.1/src/perfmon.c:perfmon_init:2357] Invalid argument.
Failed to initialize event and counter lists for (null)
ERROR - [/home/lor3ny/dev/likwid-5.5.1/src/perfmon.c:perfmon_init_maps:1428] No such file or directory.
Unsupported AMD Zen Processor
ERROR - [/home/lor3ny/dev/likwid-5.5.1/src/perfmon.c:perfmon_init_funcs:2183] No such file or directory.
Unsupported AMD K1A Processor
ERROR - [/home/lor3ny/dev/likwid-5.5.1/src/perfmon.c:perfmon_init:2357] Invalid argument.
Failed to initialize event and counter lists for (null)
ERROR - [/home/lor3ny/dev/likwid-5.5.1/src/perfmon.c:perfmon_init_maps:1428] No such file or directory.
Unsupported AMD Zen Processor
ERROR - [/home/lor3ny/dev/likwid-5.5.1/src/perfmon.c:perfmon_init_funcs:2183] No such file or directory.
Unsupported AMD K1A Processor
ERROR - [/home/lor3ny/dev/likwid-5.5.1/src/perfmon.c:perfmon_init:2357] Invalid argument.
Failed to initialize event and counter lists for (null)
ERROR - [/home/lor3ny/dev/likwid-5.5.1/src/perfmon.c:perfmon_init_maps:1428] No such file or directory.
Unsupported AMD Zen Processor
ERROR - [/home/lor3ny/dev/likwid-5.5.1/src/perfmon.c:perfmon_init_funcs:2183] No such file or directory.
Unsupported AMD K1A Processor
ERROR - [/home/lor3ny/dev/likwid-5.5.1/src/perfmon.c:perfmon_init:2357] Invalid argument.
Failed to initialize event and counter lists for (null)
ERROR - [/home/lor3ny/dev/likwid-5.5.1/src/perfmon.c:perfmon_init_maps:1428] No such file or directory.
Unsupported AMD Zen Processor
ERROR - [/home/lor3ny/dev/likwid-5.5.1/src/perfmon.c:perfmon_init_funcs:2183] No such file or directory.
Unsupported AMD K1A Processor
ERROR - [/home/lor3ny/dev/likwid-5.5.1/src/perfmon.c:perfmon_init:2357] Invalid argument.
Failed to initialize event and counter lists for (null)
