CPU(s):              112
Thread(s) per core:  1
Core(s) per socket:  56
Model name:          Intel(R) Xeon(R) Platinum 8480+
NUMA node0 CPU(s):   0-13
NUMA node1 CPU(s):   14-27
NUMA node2 CPU(s):   28-41
NUMA node3 CPU(s):   42-55
NUMA node4 CPU(s):   56-69
NUMA node5 CPU(s):   70-83
NUMA node6 CPU(s):   84-97
NUMA node7 CPU(s):   98-111
MemTotal:       527439324 kB
Loading python/3.11.7
  Loading requirement: bzip2/1.0.8-ib3znej libmd/1.0.4-2km2lxx
    libbsd/0.12.1-oocs6an expat/2.6.2-p2t4wry ncurses/6.5-svfl57u
    readline/8.2-zeda6mx gdbm/1.23-wiol7vk libiconv/1.17-nhc3mhm
    xz/5.4.6-xxxg42c zlib-ng/2.1.6-jkgunjc libxml2/2.10.3-zbbe7lm
    pigz/2.8-5bwzpml zstd/1.5.6-uq5yyux tar/1.34-jgektnv gettext/0.22.5-hsxgafg
    libffi/3.4.6-4vs4jpp libxcrypt/4.4.35-7om46b5 sqlite/3.43.2-4kl5mnp
    util-linux-uuid/2.38.1-5achpds

────────────────────────────────────────────────────
  DATA SUMMARY
────────────────────────────────────────────────────
  data path  /leonardo_scratch/large/userexternal/ddesensi/tensor-viterbi/data/50states_10000steps_1000dur.json
  states (N)  50  ['s0', 's1', 's2', 's3', 's4', 's5', 's6', 's7', 's8', 's9', 's10', 's11', 's12', 's13', 's14', 's15', 's16', 's17', 's18', 's19', 's20', 's21', 's22', 's23', 's24', 's25', 's26', 's27', 's28', 's29', 's30', 's31', 's32', 's33', 's34', 's35', 's36', 's37', 's38', 's39', 's40', 's41', 's42', 's43', 's44', 's45', 's46', 's47', 's48', 's49']
  steps  (T)  10000
  max dur(D)  1000
────────────────────────────────────────────────────

▶ Tensor Viterbi C++
  decode_tensor_viterbi_cpp
  avg 28.4873 s   min 28.4600 s   max 28.4929 s

▶ Tensor Viterbi OMP
  decode_tensor_viterbi_omp
  avg 5.1750 s   min 4.4264 s   max 11.7950 s

▶ HSMMLearn C++ (baseline)
  HSMMLearn C++
  avg 291.4331 s   min 291.0275 s   max 291.7870 s

▶ HSMMLearn OMP (baseline)
  HSMMLearn OMP
  avg 6.7979 s   min 6.7873 s   max 6.8092 s

