CPU(s):                                  256
Model name:                              AMD EPYC 7763 64-Core Processor
Thread(s) per core:                      2
Core(s) per socket:                      64
NUMA node0 CPU(s):                       0-15,128-143
NUMA node1 CPU(s):                       16-31,144-159
NUMA node2 CPU(s):                       32-47,160-175
NUMA node3 CPU(s):                       48-63,176-191
NUMA node4 CPU(s):                       64-79,192-207
NUMA node5 CPU(s):                       80-95,208-223
NUMA node6 CPU(s):                       96-111,224-239
NUMA node7 CPU(s):                       112-127,240-255
MemTotal:       527520292 kB

────────────────────────────────────────────────────
  DATA SUMMARY
────────────────────────────────────────────────────
  data path  /pfs/lustrep3/users/desensid/tensor-viterbi/data/25states_10000steps_1000dur.json
  states (N)  25  ['s0', 's1', 's2', 's3', 's4', 's5', 's6', 's7', 's8', 's9', 's10', 's11', 's12', 's13', 's14', 's15', 's16', 's17', 's18', 's19', 's20', 's21', 's22', 's23', 's24']
  steps  (T)  10000
  max dur(D)  1000
────────────────────────────────────────────────────

▶ Tensor Viterbi C++
  decode_tensor_viterbi_cpp
  avg 4.6970 s   min 4.6903 s   max 4.7056 s

▶ Tensor Viterbi OMP
  decode_tensor_viterbi_omp
  avg 4.3680 s   min 4.3451 s   max 4.3951 s

▶ HSMMLearn C++ (baseline)
  HSMMLearn C++
  avg 50.9869 s   min 50.8868 s   max 51.0709 s

▶ HSMMLearn OMP (baseline)
  HSMMLearn OMP
  avg 2.6487 s   min 2.5941 s   max 2.7251 s

