CPU(s):                                  256
Model name:                              AMD EPYC 7763 64-Core Processor
Thread(s) per core:                      2
Core(s) per socket:                      64
NUMA node0 CPU(s):                       0-15,128-143
NUMA node1 CPU(s):                       16-31,144-159
NUMA node2 CPU(s):                       32-47,160-175
NUMA node3 CPU(s):                       48-63,176-191
NUMA node4 CPU(s):                       64-79,192-207
NUMA node5 CPU(s):                       80-95,208-223
NUMA node6 CPU(s):                       96-111,224-239
NUMA node7 CPU(s):                       112-127,240-255
MemTotal:       1056002524 kB

────────────────────────────────────────────────────
  DATA SUMMARY
────────────────────────────────────────────────────
  data path  /pfs/lustrep3/users/desensid/tensor-viterbi/data/75states_10000steps_1000dur.json
  states (N)  75  ['s0', 's1', 's2', 's3', 's4', 's5', 's6', 's7', 's8', 's9', 's10', 's11', 's12', 's13', 's14', 's15', 's16', 's17', 's18', 's19', 's20', 's21', 's22', 's23', 's24', 's25', 's26', 's27', 's28', 's29', 's30', 's31', 's32', 's33', 's34', 's35', 's36', 's37', 's38', 's39', 's40', 's41', 's42', 's43', 's44', 's45', 's46', 's47', 's48', 's49', 's50', 's51', 's52', 's53', 's54', 's55', 's56', 's57', 's58', 's59', 's60', 's61', 's62', 's63', 's64', 's65', 's66', 's67', 's68', 's69', 's70', 's71', 's72', 's73', 's74']
  steps  (T)  10000
  max dur(D)  1000
────────────────────────────────────────────────────

▶ Tensor Viterbi C++
  decode_tensor_viterbi_cpp
  avg 47.6971 s   min 47.6611 s   max 47.7396 s

▶ Tensor Viterbi OMP
  decode_tensor_viterbi_omp
  avg 7.1452 s   min 7.0601 s   max 7.1924 s

▶ HSMMLearn C++ (baseline)
  HSMMLearn C++
  avg 384.8775 s   min 384.3781 s   max 385.6694 s

▶ HSMMLearn OMP (baseline)
  HSMMLearn OMP
  avg 6.8015 s   min 6.6572 s   max 7.0133 s

