NVIDIA A100-SXM-64GB, 65536 MiB, 535.274.02, 8.0
NVIDIA A100-SXM-64GB, 65536 MiB, 535.274.02, 8.0
NVIDIA A100-SXM-64GB, 65536 MiB, 535.274.02, 8.0
NVIDIA A100-SXM-64GB, 65536 MiB, 535.274.02, 8.0
Loading python/3.11.7
  Loading requirement: bzip2/1.0.8-ib3znej libmd/1.0.4-2km2lxx
    libbsd/0.12.1-oocs6an expat/2.6.2-p2t4wry ncurses/6.5-svfl57u
    readline/8.2-zeda6mx gdbm/1.23-wiol7vk libiconv/1.17-nhc3mhm
    xz/5.4.6-xxxg42c zlib-ng/2.1.6-jkgunjc libxml2/2.10.3-zbbe7lm
    pigz/2.8-5bwzpml zstd/1.5.6-uq5yyux tar/1.34-jgektnv gettext/0.22.5-hsxgafg
    libffi/3.4.6-4vs4jpp libxcrypt/4.4.35-7om46b5 sqlite/3.43.2-4kl5mnp
    util-linux-uuid/2.38.1-5achpds

────────────────────────────────────────────────────
  DATA SUMMARY
────────────────────────────────────────────────────
  data path  /leonardo_scratch/large/userexternal/ddesensi/tensor-viterbi/data/75states_10000steps_250dur.json
  states (N)  75  ['s0', 's1', 's2', 's3', 's4', 's5', 's6', 's7', 's8', 's9', 's10', 's11', 's12', 's13', 's14', 's15', 's16', 's17', 's18', 's19', 's20', 's21', 's22', 's23', 's24', 's25', 's26', 's27', 's28', 's29', 's30', 's31', 's32', 's33', 's34', 's35', 's36', 's37', 's38', 's39', 's40', 's41', 's42', 's43', 's44', 's45', 's46', 's47', 's48', 's49', 's50', 's51', 's52', 's53', 's54', 's55', 's56', 's57', 's58', 's59', 's60', 's61', 's62', 's63', 's64', 's65', 's66', 's67', 's68', 's69', 's70', 's71', 's72', 's73', 's74']
  steps  (T)  10000
  max dur(D)  250
────────────────────────────────────────────────────

▶ Tensor Viterbi CUDA
  decode_tensor_viterbi_cuda
  avg 0.2381 s   min 0.2128 s   max 0.4543 s

